<?xml version="1.0" encoding="UTF-8"?>
<testng-results skipped="0" failed="0" ignored="0" total="1" passed="1">
  <reporter-output>
  </reporter-output>
  <suite name="Default suite" duration-ms="9494" started-at="2017-12-19T18:02:24Z" finished-at="2017-12-19T18:02:34Z">
    <groups>
    </groups>
    <test name="Default test" duration-ms="9494" started-at="2017-12-19T18:02:24Z" finished-at="2017-12-19T18:02:34Z">
      <class name="WebElements.testMadhuTest">
        <test-method status="PASS" signature="beforeClass()[pri:0, instance:WebElements.testMadhuTest@68be2bc2]" name="beforeClass" is-config="true" duration-ms="6192" started-at="2017-12-19T13:02:24Z" finished-at="2017-12-19T13:02:31Z">
          <reporter-output>
          </reporter-output>
        </test-method> <!-- beforeClass -->
        <test-method status="PASS" signature="f()[pri:0, instance:WebElements.testMadhuTest@68be2bc2]" name="f" duration-ms="2456" started-at="2017-12-19T13:02:31Z" finished-at="2017-12-19T13:02:33Z">
          <reporter-output>
          </reporter-output>
        </test-method> <!-- f -->
        <test-method status="PASS" signature="afterClass()[pri:0, instance:WebElements.testMadhuTest@68be2bc2]" name="afterClass" is-config="true" duration-ms="801" started-at="2017-12-19T13:02:33Z" finished-at="2017-12-19T13:02:34Z">
          <reporter-output>
          </reporter-output>
        </test-method> <!-- afterClass -->
      </class> <!-- WebElements.testMadhuTest -->
    </test> <!-- Default test -->
  </suite> <!-- Default suite -->
</testng-results>
